CRITICAL - 2022-06-18 22:43:48 --> Undefined property: CodeIgniter\View\View::$uri
in APPPATH\Views\layout\header.php on line 14.
 1 APPPATH\Views\layout\header.php(14): CodeIgniter\Debug\Exceptions->errorHandler()
 2 SYSTEMPATH\View\View.php(213): include('APPPATH\\Views\\layout\\header.php')
 3 SYSTEMPATH\View\View.php(216): CodeIgniter\View\View->CodeIgniter\View\{closure}()
 4 SYSTEMPATH\View\View.php(429): CodeIgniter\View\View->render()
 5 APPPATH\Views\layout\page_layout.php(18): CodeIgniter\View\View->include()
 6 SYSTEMPATH\View\View.php(213): include('APPPATH\\Views\\layout\\page_layout.php')
 7 SYSTEMPATH\View\View.php(216): CodeIgniter\View\View->CodeIgniter\View\{closure}()
 8 SYSTEMPATH\View\View.php(229): CodeIgniter\View\View->render()
 9 SYSTEMPATH\Common.php(1135): CodeIgniter\View\View->render()
10 APPPATH\Controllers\Pages.php(10): view()
11 SYSTEMPATH\CodeIgniter.php(898): App\Controllers\Pages->index()
12 SYSTEMPATH\CodeIgniter.php(468): CodeIgniter\CodeIgniter->runController()
13 SYSTEMPATH\CodeIgniter.php(351): CodeIgniter\CodeIgniter->handleRequest()
14 FCPATH\index.php(55): CodeIgniter\CodeIgniter->run()
15 SYSTEMPATH\Commands\Server\rewrite.php(43): require_once('FCPATH\\index.php')
CRITICAL - 2022-06-18 22:43:56 --> Undefined property: CodeIgniter\View\View::$uri
in APPPATH\Views\layout\header.php on line 14.
 1 APPPATH\Views\layout\header.php(14): CodeIgniter\Debug\Exceptions->errorHandler()
 2 SYSTEMPATH\View\View.php(213): include('APPPATH\\Views\\layout\\header.php')
 3 SYSTEMPATH\View\View.php(216): CodeIgniter\View\View->CodeIgniter\View\{closure}()
 4 SYSTEMPATH\View\View.php(429): CodeIgniter\View\View->render()
 5 APPPATH\Views\layout\page_layout.php(18): CodeIgniter\View\View->include()
 6 SYSTEMPATH\View\View.php(213): include('APPPATH\\Views\\layout\\page_layout.php')
 7 SYSTEMPATH\View\View.php(216): CodeIgniter\View\View->CodeIgniter\View\{closure}()
 8 SYSTEMPATH\View\View.php(229): CodeIgniter\View\View->render()
 9 SYSTEMPATH\Common.php(1135): CodeIgniter\View\View->render()
10 APPPATH\Controllers\Pages.php(10): view()
11 SYSTEMPATH\CodeIgniter.php(898): App\Controllers\Pages->index()
12 SYSTEMPATH\CodeIgniter.php(468): CodeIgniter\CodeIgniter->runController()
13 SYSTEMPATH\CodeIgniter.php(351): CodeIgniter\CodeIgniter->handleRequest()
14 FCPATH\index.php(55): CodeIgniter\CodeIgniter->run()
15 SYSTEMPATH\Commands\Server\rewrite.php(43): require_once('FCPATH\\index.php')
CRITICAL - 2022-06-18 22:44:03 --> Undefined property: CodeIgniter\View\View::$uri
in APPPATH\Views\layout\header.php on line 14.
 1 APPPATH\Views\layout\header.php(14): CodeIgniter\Debug\Exceptions->errorHandler()
 2 SYSTEMPATH\View\View.php(213): include('APPPATH\\Views\\layout\\header.php')
 3 SYSTEMPATH\View\View.php(216): CodeIgniter\View\View->CodeIgniter\View\{closure}()
 4 SYSTEMPATH\View\View.php(429): CodeIgniter\View\View->render()
 5 APPPATH\Views\layout\page_layout.php(18): CodeIgniter\View\View->include()
 6 SYSTEMPATH\View\View.php(213): include('APPPATH\\Views\\layout\\page_layout.php')
 7 SYSTEMPATH\View\View.php(216): CodeIgniter\View\View->CodeIgniter\View\{closure}()
 8 SYSTEMPATH\View\View.php(229): CodeIgniter\View\View->render()
 9 SYSTEMPATH\Common.php(1135): CodeIgniter\View\View->render()
10 APPPATH\Controllers\Pages.php(10): view()
11 SYSTEMPATH\CodeIgniter.php(898): App\Controllers\Pages->index()
12 SYSTEMPATH\CodeIgniter.php(468): CodeIgniter\CodeIgniter->runController()
13 SYSTEMPATH\CodeIgniter.php(351): CodeIgniter\CodeIgniter->handleRequest()
14 FCPATH\index.php(55): CodeIgniter\CodeIgniter->run()
15 SYSTEMPATH\Commands\Server\rewrite.php(43): require_once('FCPATH\\index.php')
CRITICAL - 2022-06-18 22:44:24 --> Undefined property: CodeIgniter\View\View::$uri
in APPPATH\Views\layout\header.php on line 14.
 1 APPPATH\Views\layout\header.php(14): CodeIgniter\Debug\Exceptions->errorHandler()
 2 SYSTEMPATH\View\View.php(213): include('APPPATH\\Views\\layout\\header.php')
 3 SYSTEMPATH\View\View.php(216): CodeIgniter\View\View->CodeIgniter\View\{closure}()
 4 SYSTEMPATH\View\View.php(429): CodeIgniter\View\View->render()
 5 APPPATH\Views\layout\page_layout.php(18): CodeIgniter\View\View->include()
 6 SYSTEMPATH\View\View.php(213): include('APPPATH\\Views\\layout\\page_layout.php')
 7 SYSTEMPATH\View\View.php(216): CodeIgniter\View\View->CodeIgniter\View\{closure}()
 8 SYSTEMPATH\View\View.php(229): CodeIgniter\View\View->render()
 9 SYSTEMPATH\Common.php(1135): CodeIgniter\View\View->render()
10 APPPATH\Controllers\Pages.php(10): view()
11 SYSTEMPATH\CodeIgniter.php(898): App\Controllers\Pages->index()
12 SYSTEMPATH\CodeIgniter.php(468): CodeIgniter\CodeIgniter->runController()
13 SYSTEMPATH\CodeIgniter.php(351): CodeIgniter\CodeIgniter->handleRequest()
14 FCPATH\index.php(55): CodeIgniter\CodeIgniter->run()
15 SYSTEMPATH\Commands\Server\rewrite.php(43): require_once('FCPATH\\index.php')
CRITICAL - 2022-06-18 22:44:41 --> Undefined property: CodeIgniter\View\View::$uri
in APPPATH\Views\layout\header.php on line 14.
 1 APPPATH\Views\layout\header.php(14): CodeIgniter\Debug\Exceptions->errorHandler()
 2 SYSTEMPATH\View\View.php(213): include('APPPATH\\Views\\layout\\header.php')
 3 SYSTEMPATH\View\View.php(216): CodeIgniter\View\View->CodeIgniter\View\{closure}()
 4 SYSTEMPATH\View\View.php(429): CodeIgniter\View\View->render()
 5 APPPATH\Views\layout\page_layout.php(18): CodeIgniter\View\View->include()
 6 SYSTEMPATH\View\View.php(213): include('APPPATH\\Views\\layout\\page_layout.php')
 7 SYSTEMPATH\View\View.php(216): CodeIgniter\View\View->CodeIgniter\View\{closure}()
 8 SYSTEMPATH\View\View.php(229): CodeIgniter\View\View->render()
 9 SYSTEMPATH\Common.php(1135): CodeIgniter\View\View->render()
10 APPPATH\Controllers\Pages.php(10): view()
11 SYSTEMPATH\CodeIgniter.php(898): App\Controllers\Pages->index()
12 SYSTEMPATH\CodeIgniter.php(468): CodeIgniter\CodeIgniter->runController()
13 SYSTEMPATH\CodeIgniter.php(351): CodeIgniter\CodeIgniter->handleRequest()
14 FCPATH\index.php(55): CodeIgniter\CodeIgniter->run()
15 SYSTEMPATH\Commands\Server\rewrite.php(43): require_once('FCPATH\\index.php')
CRITICAL - 2022-06-18 22:46:27 --> Undefined property: CodeIgniter\View\View::$uri
in APPPATH\Views\layout\header.php on line 14.
 1 APPPATH\Views\layout\header.php(14): CodeIgniter\Debug\Exceptions->errorHandler()
 2 SYSTEMPATH\View\View.php(213): include('APPPATH\\Views\\layout\\header.php')
 3 SYSTEMPATH\View\View.php(216): CodeIgniter\View\View->CodeIgniter\View\{closure}()
 4 SYSTEMPATH\View\View.php(429): CodeIgniter\View\View->render()
 5 APPPATH\Views\layout\page_layout.php(18): CodeIgniter\View\View->include()
 6 SYSTEMPATH\View\View.php(213): include('APPPATH\\Views\\layout\\page_layout.php')
 7 SYSTEMPATH\View\View.php(216): CodeIgniter\View\View->CodeIgniter\View\{closure}()
 8 SYSTEMPATH\View\View.php(229): CodeIgniter\View\View->render()
 9 SYSTEMPATH\Common.php(1135): CodeIgniter\View\View->render()
10 APPPATH\Controllers\Pages.php(10): view()
11 SYSTEMPATH\CodeIgniter.php(898): App\Controllers\Pages->index()
12 SYSTEMPATH\CodeIgniter.php(468): CodeIgniter\CodeIgniter->runController()
13 SYSTEMPATH\CodeIgniter.php(351): CodeIgniter\CodeIgniter->handleRequest()
14 FCPATH\index.php(55): CodeIgniter\CodeIgniter->run()
15 SYSTEMPATH\Commands\Server\rewrite.php(43): require_once('FCPATH\\index.php')
CRITICAL - 2022-06-18 22:47:04 --> Undefined property: CodeIgniter\View\View::$uri
in APPPATH\Views\layout\header.php on line 14.
 1 APPPATH\Views\layout\header.php(14): CodeIgniter\Debug\Exceptions->errorHandler()
 2 SYSTEMPATH\View\View.php(213): include('APPPATH\\Views\\layout\\header.php')
 3 SYSTEMPATH\View\View.php(216): CodeIgniter\View\View->CodeIgniter\View\{closure}()
 4 SYSTEMPATH\View\View.php(429): CodeIgniter\View\View->render()
 5 APPPATH\Views\layout\page_layout.php(18): CodeIgniter\View\View->include()
 6 SYSTEMPATH\View\View.php(213): include('APPPATH\\Views\\layout\\page_layout.php')
 7 SYSTEMPATH\View\View.php(216): CodeIgniter\View\View->CodeIgniter\View\{closure}()
 8 SYSTEMPATH\View\View.php(229): CodeIgniter\View\View->render()
 9 SYSTEMPATH\Common.php(1135): CodeIgniter\View\View->render()
10 APPPATH\Controllers\Pages.php(10): view()
11 SYSTEMPATH\CodeIgniter.php(898): App\Controllers\Pages->index()
12 SYSTEMPATH\CodeIgniter.php(468): CodeIgniter\CodeIgniter->runController()
13 SYSTEMPATH\CodeIgniter.php(351): CodeIgniter\CodeIgniter->handleRequest()
14 FCPATH\index.php(55): CodeIgniter\CodeIgniter->run()
15 SYSTEMPATH\Commands\Server\rewrite.php(43): require_once('FCPATH\\index.php')
CRITICAL - 2022-06-18 22:47:11 --> Undefined property: CodeIgniter\View\View::$uri
in APPPATH\Views\layout\header.php on line 14.
 1 APPPATH\Views\layout\header.php(14): CodeIgniter\Debug\Exceptions->errorHandler()
 2 SYSTEMPATH\View\View.php(213): include('APPPATH\\Views\\layout\\header.php')
 3 SYSTEMPATH\View\View.php(216): CodeIgniter\View\View->CodeIgniter\View\{closure}()
 4 SYSTEMPATH\View\View.php(429): CodeIgniter\View\View->render()
 5 APPPATH\Views\layout\page_layout.php(18): CodeIgniter\View\View->include()
 6 SYSTEMPATH\View\View.php(213): include('APPPATH\\Views\\layout\\page_layout.php')
 7 SYSTEMPATH\View\View.php(216): CodeIgniter\View\View->CodeIgniter\View\{closure}()
 8 SYSTEMPATH\View\View.php(229): CodeIgniter\View\View->render()
 9 SYSTEMPATH\Common.php(1135): CodeIgniter\View\View->render()
10 APPPATH\Controllers\Pages.php(10): view()
11 SYSTEMPATH\CodeIgniter.php(898): App\Controllers\Pages->index()
12 SYSTEMPATH\CodeIgniter.php(468): CodeIgniter\CodeIgniter->runController()
13 SYSTEMPATH\CodeIgniter.php(351): CodeIgniter\CodeIgniter->handleRequest()
14 FCPATH\index.php(55): CodeIgniter\CodeIgniter->run()
15 SYSTEMPATH\Commands\Server\rewrite.php(43): require_once('FCPATH\\index.php')
CRITICAL - 2022-06-18 22:47:36 --> Undefined property: CodeIgniter\View\View::$uri
in APPPATH\Views\layout\header.php on line 14.
 1 APPPATH\Views\layout\header.php(14): CodeIgniter\Debug\Exceptions->errorHandler()
 2 SYSTEMPATH\View\View.php(213): include('APPPATH\\Views\\layout\\header.php')
 3 SYSTEMPATH\View\View.php(216): CodeIgniter\View\View->CodeIgniter\View\{closure}()
 4 SYSTEMPATH\View\View.php(429): CodeIgniter\View\View->render()
 5 APPPATH\Views\layout\page_layout.php(18): CodeIgniter\View\View->include()
 6 SYSTEMPATH\View\View.php(213): include('APPPATH\\Views\\layout\\page_layout.php')
 7 SYSTEMPATH\View\View.php(216): CodeIgniter\View\View->CodeIgniter\View\{closure}()
 8 SYSTEMPATH\View\View.php(229): CodeIgniter\View\View->render()
 9 SYSTEMPATH\Common.php(1135): CodeIgniter\View\View->render()
10 APPPATH\Controllers\Pages.php(10): view()
11 SYSTEMPATH\CodeIgniter.php(898): App\Controllers\Pages->index()
12 SYSTEMPATH\CodeIgniter.php(468): CodeIgniter\CodeIgniter->runController()
13 SYSTEMPATH\CodeIgniter.php(351): CodeIgniter\CodeIgniter->handleRequest()
14 FCPATH\index.php(55): CodeIgniter\CodeIgniter->run()
15 SYSTEMPATH\Commands\Server\rewrite.php(43): require_once('FCPATH\\index.php')
CRITICAL - 2022-06-18 22:49:49 --> Undefined property: CodeIgniter\View\View::$uri
in APPPATH\Views\layout\header.php on line 14.
 1 APPPATH\Views\layout\header.php(14): CodeIgniter\Debug\Exceptions->errorHandler()
 2 SYSTEMPATH\View\View.php(213): include('APPPATH\\Views\\layout\\header.php')
 3 SYSTEMPATH\View\View.php(216): CodeIgniter\View\View->CodeIgniter\View\{closure}()
 4 SYSTEMPATH\View\View.php(429): CodeIgniter\View\View->render()
 5 APPPATH\Views\layout\page_layout.php(18): CodeIgniter\View\View->include()
 6 SYSTEMPATH\View\View.php(213): include('APPPATH\\Views\\layout\\page_layout.php')
 7 SYSTEMPATH\View\View.php(216): CodeIgniter\View\View->CodeIgniter\View\{closure}()
 8 SYSTEMPATH\View\View.php(229): CodeIgniter\View\View->render()
 9 SYSTEMPATH\Common.php(1135): CodeIgniter\View\View->render()
10 APPPATH\Controllers\Pages.php(10): view()
11 SYSTEMPATH\CodeIgniter.php(898): App\Controllers\Pages->index()
12 SYSTEMPATH\CodeIgniter.php(468): CodeIgniter\CodeIgniter->runController()
13 SYSTEMPATH\CodeIgniter.php(351): CodeIgniter\CodeIgniter->handleRequest()
14 FCPATH\index.php(55): CodeIgniter\CodeIgniter->run()
15 SYSTEMPATH\Commands\Server\rewrite.php(43): require_once('FCPATH\\index.php')
CRITICAL - 2022-06-18 22:59:21 --> Undefined property: CodeIgniter\View\View::$uri
in APPPATH\Views\layout\header.php on line 14.
 1 APPPATH\Views\layout\header.php(14): CodeIgniter\Debug\Exceptions->errorHandler()
 2 SYSTEMPATH\View\View.php(213): include('APPPATH\\Views\\layout\\header.php')
 3 SYSTEMPATH\View\View.php(216): CodeIgniter\View\View->CodeIgniter\View\{closure}()
 4 SYSTEMPATH\View\View.php(429): CodeIgniter\View\View->render()
 5 APPPATH\Views\layout\page_layout.php(18): CodeIgniter\View\View->include()
 6 SYSTEMPATH\View\View.php(213): include('APPPATH\\Views\\layout\\page_layout.php')
 7 SYSTEMPATH\View\View.php(216): CodeIgniter\View\View->CodeIgniter\View\{closure}()
 8 SYSTEMPATH\View\View.php(229): CodeIgniter\View\View->render()
 9 SYSTEMPATH\Common.php(1135): CodeIgniter\View\View->render()
10 APPPATH\Controllers\Pages.php(10): view()
11 SYSTEMPATH\CodeIgniter.php(898): App\Controllers\Pages->index()
12 SYSTEMPATH\CodeIgniter.php(468): CodeIgniter\CodeIgniter->runController()
13 SYSTEMPATH\CodeIgniter.php(351): CodeIgniter\CodeIgniter->handleRequest()
14 FCPATH\index.php(55): CodeIgniter\CodeIgniter->run()
15 SYSTEMPATH\Commands\Server\rewrite.php(43): require_once('FCPATH\\index.php')
CRITICAL - 2022-06-18 22:59:25 --> Undefined property: CodeIgniter\View\View::$uri
in APPPATH\Views\layout\header.php on line 14.
 1 APPPATH\Views\layout\header.php(14): CodeIgniter\Debug\Exceptions->errorHandler()
 2 SYSTEMPATH\View\View.php(213): include('APPPATH\\Views\\layout\\header.php')
 3 SYSTEMPATH\View\View.php(216): CodeIgniter\View\View->CodeIgniter\View\{closure}()
 4 SYSTEMPATH\View\View.php(429): CodeIgniter\View\View->render()
 5 APPPATH\Views\layout\page_layout.php(18): CodeIgniter\View\View->include()
 6 SYSTEMPATH\View\View.php(213): include('APPPATH\\Views\\layout\\page_layout.php')
 7 SYSTEMPATH\View\View.php(216): CodeIgniter\View\View->CodeIgniter\View\{closure}()
 8 SYSTEMPATH\View\View.php(229): CodeIgniter\View\View->render()
 9 SYSTEMPATH\Common.php(1135): CodeIgniter\View\View->render()
10 APPPATH\Controllers\Pages.php(10): view()
11 SYSTEMPATH\CodeIgniter.php(898): App\Controllers\Pages->index()
12 SYSTEMPATH\CodeIgniter.php(468): CodeIgniter\CodeIgniter->runController()
13 SYSTEMPATH\CodeIgniter.php(351): CodeIgniter\CodeIgniter->handleRequest()
14 FCPATH\index.php(55): CodeIgniter\CodeIgniter->run()
15 SYSTEMPATH\Commands\Server\rewrite.php(43): require_once('FCPATH\\index.php')
