CRITICAL - 2022-09-25 23:10:08 --> Call to undefined function set_value()
in APPPATH\Views\login.php on line 16.
 1 SYSTEMPATH\View\View.php(213): include()
 2 SYSTEMPATH\View\View.php(216): CodeIgniter\View\View->CodeIgniter\View\{closure}()
 3 SYSTEMPATH\Common.php(1135): CodeIgniter\View\View->render()
 4 APPPATH\Controllers\Pages.php(31): view()
 5 SYSTEMPATH\CodeIgniter.php(898): App\Controllers\Pages->login()
 6 SYSTEMPATH\CodeIgniter.php(468): CodeIgniter\CodeIgniter->runController()
 7 SYSTEMPATH\CodeIgniter.php(351): CodeIgniter\CodeIgniter->handleRequest()
 8 FCPATH\index.php(55): CodeIgniter\CodeIgniter->run()
 9 SYSTEMPATH\Commands\Server\rewrite.php(43): require_once('FCPATH\\index.php')
CRITICAL - 2022-09-25 23:11:43 --> Call to undefined function set_value()
in APPPATH\Views\login.php on line 16.
 1 SYSTEMPATH\View\View.php(213): include()
 2 SYSTEMPATH\View\View.php(216): CodeIgniter\View\View->CodeIgniter\View\{closure}()
 3 SYSTEMPATH\Common.php(1135): CodeIgniter\View\View->render()
 4 APPPATH\Controllers\Pages.php(31): view()
 5 SYSTEMPATH\CodeIgniter.php(898): App\Controllers\Pages->login()
 6 SYSTEMPATH\CodeIgniter.php(468): CodeIgniter\CodeIgniter->runController()
 7 SYSTEMPATH\CodeIgniter.php(351): CodeIgniter\CodeIgniter->handleRequest()
 8 FCPATH\index.php(55): CodeIgniter\CodeIgniter->run()
 9 SYSTEMPATH\Commands\Server\rewrite.php(43): require_once('FCPATH\\index.php')
CRITICAL - 2022-09-25 23:12:14 --> Call to undefined function set_value()
in APPPATH\Views\login.php on line 14.
 1 SYSTEMPATH\View\View.php(213): include()
 2 SYSTEMPATH\View\View.php(216): CodeIgniter\View\View->CodeIgniter\View\{closure}()
 3 SYSTEMPATH\Common.php(1135): CodeIgniter\View\View->render()
 4 APPPATH\Controllers\Pages.php(31): view()
 5 SYSTEMPATH\CodeIgniter.php(898): App\Controllers\Pages->login()
 6 SYSTEMPATH\CodeIgniter.php(468): CodeIgniter\CodeIgniter->runController()
 7 SYSTEMPATH\CodeIgniter.php(351): CodeIgniter\CodeIgniter->handleRequest()
 8 FCPATH\index.php(55): CodeIgniter\CodeIgniter->run()
 9 SYSTEMPATH\Commands\Server\rewrite.php(43): require_once('FCPATH\\index.php')
CRITICAL - 2022-09-25 23:12:20 --> Call to undefined function set_value()
in APPPATH\Views\login.php on line 14.
 1 SYSTEMPATH\View\View.php(213): include()
 2 SYSTEMPATH\View\View.php(216): CodeIgniter\View\View->CodeIgniter\View\{closure}()
 3 SYSTEMPATH\Common.php(1135): CodeIgniter\View\View->render()
 4 APPPATH\Controllers\Pages.php(31): view()
 5 SYSTEMPATH\CodeIgniter.php(898): App\Controllers\Pages->login()
 6 SYSTEMPATH\CodeIgniter.php(468): CodeIgniter\CodeIgniter->runController()
 7 SYSTEMPATH\CodeIgniter.php(351): CodeIgniter\CodeIgniter->handleRequest()
 8 FCPATH\index.php(55): CodeIgniter\CodeIgniter->run()
 9 SYSTEMPATH\Commands\Server\rewrite.php(43): require_once('FCPATH\\index.php')
CRITICAL - 2022-09-25 23:19:41 --> Undefined variable $nama
in APPPATH\Views\layout\page_layout.php on line 16.
 1 APPPATH\Views\layout\page_layout.php(16): CodeIgniter\Debug\Exceptions->errorHandler()
 2 SYSTEMPATH\View\View.php(213): include('APPPATH\\Views\\layout\\page_layout.php')
 3 SYSTEMPATH\View\View.php(216): CodeIgniter\View\View->CodeIgniter\View\{closure}()
 4 SYSTEMPATH\View\View.php(229): CodeIgniter\View\View->render()
 5 SYSTEMPATH\Common.php(1135): CodeIgniter\View\View->render()
 6 APPPATH\Controllers\Pages.php(31): view()
 7 SYSTEMPATH\CodeIgniter.php(898): App\Controllers\Pages->login()
 8 SYSTEMPATH\CodeIgniter.php(468): CodeIgniter\CodeIgniter->runController()
 9 SYSTEMPATH\CodeIgniter.php(351): CodeIgniter\CodeIgniter->handleRequest()
10 FCPATH\index.php(55): CodeIgniter\CodeIgniter->run()
11 SYSTEMPATH\Commands\Server\rewrite.php(43): require_once('FCPATH\\index.php')
CRITICAL - 2022-09-25 23:20:52 --> Undefined variable $nama
in APPPATH\Views\layout\page_layout.php on line 16.
 1 APPPATH\Views\layout\page_layout.php(16): CodeIgniter\Debug\Exceptions->errorHandler()
 2 SYSTEMPATH\View\View.php(213): include('APPPATH\\Views\\layout\\page_layout.php')
 3 SYSTEMPATH\View\View.php(216): CodeIgniter\View\View->CodeIgniter\View\{closure}()
 4 SYSTEMPATH\View\View.php(229): CodeIgniter\View\View->render()
 5 SYSTEMPATH\Common.php(1135): CodeIgniter\View\View->render()
 6 APPPATH\Controllers\Pages.php(31): view()
 7 SYSTEMPATH\CodeIgniter.php(898): App\Controllers\Pages->login()
 8 SYSTEMPATH\CodeIgniter.php(468): CodeIgniter\CodeIgniter->runController()
 9 SYSTEMPATH\CodeIgniter.php(351): CodeIgniter\CodeIgniter->handleRequest()
10 FCPATH\index.php(55): CodeIgniter\CodeIgniter->run()
11 SYSTEMPATH\Commands\Server\rewrite.php(43): require_once('FCPATH\\index.php')
CRITICAL - 2022-09-25 23:35:14 --> Undefined variable $nama
in APPPATH\Views\layout\page_layout.php on line 16.
 1 APPPATH\Views\layout\page_layout.php(16): CodeIgniter\Debug\Exceptions->errorHandler()
 2 SYSTEMPATH\View\View.php(213): include('APPPATH\\Views\\layout\\page_layout.php')
 3 SYSTEMPATH\View\View.php(216): CodeIgniter\View\View->CodeIgniter\View\{closure}()
 4 SYSTEMPATH\View\View.php(229): CodeIgniter\View\View->render()
 5 SYSTEMPATH\Common.php(1135): CodeIgniter\View\View->render()
 6 APPPATH\Controllers\Pages.php(31): view()
 7 SYSTEMPATH\CodeIgniter.php(898): App\Controllers\Pages->login()
 8 SYSTEMPATH\CodeIgniter.php(468): CodeIgniter\CodeIgniter->runController()
 9 SYSTEMPATH\CodeIgniter.php(351): CodeIgniter\CodeIgniter->handleRequest()
10 FCPATH\index.php(55): CodeIgniter\CodeIgniter->run()
11 SYSTEMPATH\Commands\Server\rewrite.php(43): require_once('FCPATH\\index.php')
CRITICAL - 2022-09-25 23:35:24 --> Undefined variable $nama
in APPPATH\Views\layout\page_layout.php on line 16.
 1 APPPATH\Views\layout\page_layout.php(16): CodeIgniter\Debug\Exceptions->errorHandler()
 2 SYSTEMPATH\View\View.php(213): include('APPPATH\\Views\\layout\\page_layout.php')
 3 SYSTEMPATH\View\View.php(216): CodeIgniter\View\View->CodeIgniter\View\{closure}()
 4 SYSTEMPATH\View\View.php(229): CodeIgniter\View\View->render()
 5 SYSTEMPATH\Common.php(1135): CodeIgniter\View\View->render()
 6 APPPATH\Controllers\Pages.php(31): view()
 7 SYSTEMPATH\CodeIgniter.php(898): App\Controllers\Pages->login()
 8 SYSTEMPATH\CodeIgniter.php(468): CodeIgniter\CodeIgniter->runController()
 9 SYSTEMPATH\CodeIgniter.php(351): CodeIgniter\CodeIgniter->handleRequest()
10 FCPATH\index.php(55): CodeIgniter\CodeIgniter->run()
11 SYSTEMPATH\Commands\Server\rewrite.php(43): require_once('FCPATH\\index.php')
CRITICAL - 2022-09-25 23:37:15 --> Class "App\Controllers\koneksi" not found
in APPPATH\Controllers\Pages.php on line 31.
 1 SYSTEMPATH\CodeIgniter.php(898): App\Controllers\Pages->login()
 2 SYSTEMPATH\CodeIgniter.php(468): CodeIgniter\CodeIgniter->runController()
 3 SYSTEMPATH\CodeIgniter.php(351): CodeIgniter\CodeIgniter->handleRequest()
 4 FCPATH\index.php(55): CodeIgniter\CodeIgniter->run()
 5 SYSTEMPATH\Commands\Server\rewrite.php(43): require_once('FCPATH\\index.php')
CRITICAL - 2022-09-25 23:39:34 --> Undefined variable $nama
in APPPATH\Views\layout\page_layout.php on line 16.
 1 APPPATH\Views\layout\page_layout.php(16): CodeIgniter\Debug\Exceptions->errorHandler()
 2 SYSTEMPATH\View\View.php(213): include('APPPATH\\Views\\layout\\page_layout.php')
 3 SYSTEMPATH\View\View.php(216): CodeIgniter\View\View->CodeIgniter\View\{closure}()
 4 SYSTEMPATH\View\View.php(229): CodeIgniter\View\View->render()
 5 SYSTEMPATH\Common.php(1135): CodeIgniter\View\View->render()
 6 APPPATH\Controllers\Pages.php(31): view()
 7 SYSTEMPATH\CodeIgniter.php(898): App\Controllers\Pages->login()
 8 SYSTEMPATH\CodeIgniter.php(468): CodeIgniter\CodeIgniter->runController()
 9 SYSTEMPATH\CodeIgniter.php(351): CodeIgniter\CodeIgniter->handleRequest()
10 FCPATH\index.php(55): CodeIgniter\CodeIgniter->run()
11 SYSTEMPATH\Commands\Server\rewrite.php(43): require_once('FCPATH\\index.php')
CRITICAL - 2022-09-25 23:40:27 --> Undefined variable $nama
in APPPATH\Views\layout\page_layout.php on line 16.
 1 APPPATH\Views\layout\page_layout.php(16): CodeIgniter\Debug\Exceptions->errorHandler()
 2 SYSTEMPATH\View\View.php(213): include('APPPATH\\Views\\layout\\page_layout.php')
 3 SYSTEMPATH\View\View.php(216): CodeIgniter\View\View->CodeIgniter\View\{closure}()
 4 SYSTEMPATH\View\View.php(229): CodeIgniter\View\View->render()
 5 SYSTEMPATH\Common.php(1135): CodeIgniter\View\View->render()
 6 APPPATH\Controllers\Pages.php(31): view()
 7 SYSTEMPATH\CodeIgniter.php(898): App\Controllers\Pages->login()
 8 SYSTEMPATH\CodeIgniter.php(468): CodeIgniter\CodeIgniter->runController()
 9 SYSTEMPATH\CodeIgniter.php(351): CodeIgniter\CodeIgniter->handleRequest()
10 FCPATH\index.php(55): CodeIgniter\CodeIgniter->run()
11 SYSTEMPATH\Commands\Server\rewrite.php(43): require_once('FCPATH\\index.php')
CRITICAL - 2022-09-25 23:42:54 --> Undefined variable $nama
in APPPATH\Views\layout\page_layout.php on line 16.
 1 APPPATH\Views\layout\page_layout.php(16): CodeIgniter\Debug\Exceptions->errorHandler()
 2 SYSTEMPATH\View\View.php(213): include('APPPATH\\Views\\layout\\page_layout.php')
 3 SYSTEMPATH\View\View.php(216): CodeIgniter\View\View->CodeIgniter\View\{closure}()
 4 SYSTEMPATH\View\View.php(229): CodeIgniter\View\View->render()
 5 SYSTEMPATH\Common.php(1135): CodeIgniter\View\View->render()
 6 APPPATH\Controllers\Pages.php(31): view()
 7 SYSTEMPATH\CodeIgniter.php(898): App\Controllers\Pages->login()
 8 SYSTEMPATH\CodeIgniter.php(468): CodeIgniter\CodeIgniter->runController()
 9 SYSTEMPATH\CodeIgniter.php(351): CodeIgniter\CodeIgniter->handleRequest()
10 FCPATH\index.php(55): CodeIgniter\CodeIgniter->run()
11 SYSTEMPATH\Commands\Server\rewrite.php(43): require_once('FCPATH\\index.php')
CRITICAL - 2022-09-25 23:43:23 --> Invalid file: kurs.php
in SYSTEMPATH\Exceptions\FrameworkException.php on line 33.
 1 SYSTEMPATH\View\View.php(201): CodeIgniter\Exceptions\FrameworkException::forInvalidFile()
 2 SYSTEMPATH\Common.php(1135): CodeIgniter\View\View->render()
 3 APPPATH\Controllers\Pages.php(33): view()
 4 SYSTEMPATH\CodeIgniter.php(898): App\Controllers\Pages->login()
 5 SYSTEMPATH\CodeIgniter.php(468): CodeIgniter\CodeIgniter->runController()
 6 SYSTEMPATH\CodeIgniter.php(351): CodeIgniter\CodeIgniter->handleRequest()
 7 FCPATH\index.php(55): CodeIgniter\CodeIgniter->run()
 8 SYSTEMPATH\Commands\Server\rewrite.php(43): require_once('FCPATH\\index.php')
CRITICAL - 2022-09-25 23:44:16 --> Undefined variable $nama
in APPPATH\Views\layout\page_layout.php on line 16.
 1 APPPATH\Views\layout\page_layout.php(16): CodeIgniter\Debug\Exceptions->errorHandler()
 2 SYSTEMPATH\View\View.php(213): include('APPPATH\\Views\\layout\\page_layout.php')
 3 SYSTEMPATH\View\View.php(216): CodeIgniter\View\View->CodeIgniter\View\{closure}()
 4 SYSTEMPATH\View\View.php(229): CodeIgniter\View\View->render()
 5 SYSTEMPATH\Common.php(1135): CodeIgniter\View\View->render()
 6 APPPATH\Controllers\Pages.php(33): view()
 7 SYSTEMPATH\CodeIgniter.php(898): App\Controllers\Pages->login()
 8 SYSTEMPATH\CodeIgniter.php(468): CodeIgniter\CodeIgniter->runController()
 9 SYSTEMPATH\CodeIgniter.php(351): CodeIgniter\CodeIgniter->handleRequest()
10 FCPATH\index.php(55): CodeIgniter\CodeIgniter->run()
11 SYSTEMPATH\Commands\Server\rewrite.php(43): require_once('FCPATH\\index.php')
CRITICAL - 2022-09-25 23:47:16 --> Undefined variable $nama
in APPPATH\Views\layout\page_layout.php on line 16.
 1 APPPATH\Views\layout\page_layout.php(16): CodeIgniter\Debug\Exceptions->errorHandler()
 2 SYSTEMPATH\View\View.php(213): include('APPPATH\\Views\\layout\\page_layout.php')
 3 SYSTEMPATH\View\View.php(216): CodeIgniter\View\View->CodeIgniter\View\{closure}()
 4 SYSTEMPATH\View\View.php(229): CodeIgniter\View\View->render()
 5 SYSTEMPATH\Common.php(1135): CodeIgniter\View\View->render()
 6 APPPATH\Controllers\Pages.php(33): view()
 7 SYSTEMPATH\CodeIgniter.php(898): App\Controllers\Pages->login()
 8 SYSTEMPATH\CodeIgniter.php(468): CodeIgniter\CodeIgniter->runController()
 9 SYSTEMPATH\CodeIgniter.php(351): CodeIgniter\CodeIgniter->handleRequest()
10 FCPATH\index.php(55): CodeIgniter\CodeIgniter->run()
11 SYSTEMPATH\Commands\Server\rewrite.php(43): require_once('FCPATH\\index.php')
CRITICAL - 2022-09-25 23:49:59 --> Call to undefined function set_value()
in APPPATH\Views\login.php on line 16.
 1 SYSTEMPATH\View\View.php(213): include()
 2 SYSTEMPATH\View\View.php(216): CodeIgniter\View\View->CodeIgniter\View\{closure}()
 3 SYSTEMPATH\Common.php(1135): CodeIgniter\View\View->render()
 4 APPPATH\Controllers\Pages.php(31): view()
 5 SYSTEMPATH\CodeIgniter.php(898): App\Controllers\Pages->login()
 6 SYSTEMPATH\CodeIgniter.php(468): CodeIgniter\CodeIgniter->runController()
 7 SYSTEMPATH\CodeIgniter.php(351): CodeIgniter\CodeIgniter->handleRequest()
 8 FCPATH\index.php(55): CodeIgniter\CodeIgniter->run()
 9 SYSTEMPATH\Commands\Server\rewrite.php(43): require_once('FCPATH\\index.php')
