CRITICAL - 2022-09-30 14:08:52 --> Trying to access array offset on value of type null
in APPPATH\Controllers\Login.php on line 22.
 1 APPPATH\Controllers\Login.php(22): CodeIgniter\Debug\Exceptions->errorHandler()
 2 SYSTEMPATH\CodeIgniter.php(898): App\Controllers\Login->login_action()
 3 SYSTEMPATH\CodeIgniter.php(468): CodeIgniter\CodeIgniter->runController()
 4 SYSTEMPATH\CodeIgniter.php(351): CodeIgniter\CodeIgniter->handleRequest()
 5 FCPATH\index.php(55): CodeIgniter\CodeIgniter->run()
 6 SYSTEMPATH\Commands\Server\rewrite.php(43): require_once('FCPATH\\index.php')
ERROR - 2022-09-30 15:43:24 --> [ERROR] 60 : SSL certificate problem: unable to get local issuer certificate VENDORPATH\myth\auth\src\Exceptions\AuthException.php:56
CRITICAL - 2022-09-30 15:43:24 --> 60 : SSL certificate problem: unable to get local issuer certificate
in VENDORPATH\myth\auth\src\Exceptions\AuthException.php on line 56.
 1 VENDORPATH\myth\auth\src\Authentication\Passwords\PwnedValidator.php(46): Myth\Auth\Exceptions\AuthException::forHIBPCurlFail()
 2 VENDORPATH\myth\auth\src\Authentication\Passwords\PasswordValidator.php(46): Myth\Auth\Authentication\Passwords\PwnedValidator->check()
 3 VENDORPATH\myth\auth\src\Authentication\Passwords\ValidationRules.php(42): Myth\Auth\Authentication\Passwords\PasswordValidator->check()
 4 SYSTEMPATH\Validation\Validation.php(305): Myth\Auth\Authentication\Passwords\ValidationRules->strong_password()
 5 SYSTEMPATH\Validation\Validation.php(173): CodeIgniter\Validation\Validation->processRules()
 6 SYSTEMPATH\Controller.php(140): CodeIgniter\Validation\Validation->run()
 7 VENDORPATH\myth\auth\src\Controllers\AuthController.php(164): CodeIgniter\Controller->validate()
 8 SYSTEMPATH\CodeIgniter.php(898): Myth\Auth\Controllers\AuthController->attemptRegister()
 9 SYSTEMPATH\CodeIgniter.php(468): CodeIgniter\CodeIgniter->runController()
10 SYSTEMPATH\CodeIgniter.php(351): CodeIgniter\CodeIgniter->handleRequest()
11 FCPATH\index.php(55): CodeIgniter\CodeIgniter->run()
12 SYSTEMPATH\Commands\Server\rewrite.php(43): require_once('FCPATH\\index.php')
ERROR - 2022-09-30 15:43:55 --> [ERROR] 60 : SSL certificate problem: unable to get local issuer certificate VENDORPATH\myth\auth\src\Exceptions\AuthException.php:56
CRITICAL - 2022-09-30 15:43:55 --> 60 : SSL certificate problem: unable to get local issuer certificate
in VENDORPATH\myth\auth\src\Exceptions\AuthException.php on line 56.
 1 VENDORPATH\myth\auth\src\Authentication\Passwords\PwnedValidator.php(46): Myth\Auth\Exceptions\AuthException::forHIBPCurlFail()
 2 VENDORPATH\myth\auth\src\Authentication\Passwords\PasswordValidator.php(46): Myth\Auth\Authentication\Passwords\PwnedValidator->check()
 3 VENDORPATH\myth\auth\src\Authentication\Passwords\ValidationRules.php(42): Myth\Auth\Authentication\Passwords\PasswordValidator->check()
 4 SYSTEMPATH\Validation\Validation.php(305): Myth\Auth\Authentication\Passwords\ValidationRules->strong_password()
 5 SYSTEMPATH\Validation\Validation.php(173): CodeIgniter\Validation\Validation->processRules()
 6 SYSTEMPATH\Controller.php(140): CodeIgniter\Validation\Validation->run()
 7 VENDORPATH\myth\auth\src\Controllers\AuthController.php(164): CodeIgniter\Controller->validate()
 8 SYSTEMPATH\CodeIgniter.php(898): Myth\Auth\Controllers\AuthController->attemptRegister()
 9 SYSTEMPATH\CodeIgniter.php(468): CodeIgniter\CodeIgniter->runController()
10 SYSTEMPATH\CodeIgniter.php(351): CodeIgniter\CodeIgniter->handleRequest()
11 FCPATH\index.php(55): CodeIgniter\CodeIgniter->run()
12 SYSTEMPATH\Commands\Server\rewrite.php(43): require_once('FCPATH\\index.php')
ERROR - 2022-09-30 15:45:08 --> [ERROR] 60 : SSL certificate problem: unable to get local issuer certificate VENDORPATH\myth\auth\src\Exceptions\AuthException.php:56
CRITICAL - 2022-09-30 15:45:08 --> 60 : SSL certificate problem: unable to get local issuer certificate
in VENDORPATH\myth\auth\src\Exceptions\AuthException.php on line 56.
 1 VENDORPATH\myth\auth\src\Authentication\Passwords\PwnedValidator.php(46): Myth\Auth\Exceptions\AuthException::forHIBPCurlFail()
 2 VENDORPATH\myth\auth\src\Authentication\Passwords\PasswordValidator.php(46): Myth\Auth\Authentication\Passwords\PwnedValidator->check()
 3 VENDORPATH\myth\auth\src\Authentication\Passwords\ValidationRules.php(42): Myth\Auth\Authentication\Passwords\PasswordValidator->check()
 4 SYSTEMPATH\Validation\Validation.php(305): Myth\Auth\Authentication\Passwords\ValidationRules->strong_password()
 5 SYSTEMPATH\Validation\Validation.php(173): CodeIgniter\Validation\Validation->processRules()
 6 SYSTEMPATH\Controller.php(140): CodeIgniter\Validation\Validation->run()
 7 VENDORPATH\myth\auth\src\Controllers\AuthController.php(164): CodeIgniter\Controller->validate()
 8 SYSTEMPATH\CodeIgniter.php(898): Myth\Auth\Controllers\AuthController->attemptRegister()
 9 SYSTEMPATH\CodeIgniter.php(468): CodeIgniter\CodeIgniter->runController()
10 SYSTEMPATH\CodeIgniter.php(351): CodeIgniter\CodeIgniter->handleRequest()
11 FCPATH\index.php(55): CodeIgniter\CodeIgniter->run()
12 SYSTEMPATH\Commands\Server\rewrite.php(43): require_once('FCPATH\\index.php')
ERROR - 2022-09-30 15:50:24 --> [ERROR] 60 : SSL certificate problem: unable to get local issuer certificate VENDORPATH\myth\auth\src\Exceptions\AuthException.php:56
CRITICAL - 2022-09-30 15:50:24 --> 60 : SSL certificate problem: unable to get local issuer certificate
in VENDORPATH\myth\auth\src\Exceptions\AuthException.php on line 56.
 1 VENDORPATH\myth\auth\src\Authentication\Passwords\PwnedValidator.php(46): Myth\Auth\Exceptions\AuthException::forHIBPCurlFail()
 2 VENDORPATH\myth\auth\src\Authentication\Passwords\PasswordValidator.php(46): Myth\Auth\Authentication\Passwords\PwnedValidator->check()
 3 VENDORPATH\myth\auth\src\Authentication\Passwords\ValidationRules.php(42): Myth\Auth\Authentication\Passwords\PasswordValidator->check()
 4 SYSTEMPATH\Validation\Validation.php(305): Myth\Auth\Authentication\Passwords\ValidationRules->strong_password()
 5 SYSTEMPATH\Validation\Validation.php(173): CodeIgniter\Validation\Validation->processRules()
 6 SYSTEMPATH\Controller.php(140): CodeIgniter\Validation\Validation->run()
 7 VENDORPATH\myth\auth\src\Controllers\AuthController.php(164): CodeIgniter\Controller->validate()
 8 SYSTEMPATH\CodeIgniter.php(898): Myth\Auth\Controllers\AuthController->attemptRegister()
 9 SYSTEMPATH\CodeIgniter.php(468): CodeIgniter\CodeIgniter->runController()
10 SYSTEMPATH\CodeIgniter.php(351): CodeIgniter\CodeIgniter->handleRequest()
11 FCPATH\index.php(55): CodeIgniter\CodeIgniter->run()
12 SYSTEMPATH\Commands\Server\rewrite.php(43): require_once('FCPATH\\index.php')
CRITICAL - 2022-09-30 15:52:13 --> You must set the database table to be used with your query.
in SYSTEMPATH\Database\BaseConnection.php on line 857.
 1 SYSTEMPATH\Model.php(586): CodeIgniter\Database\BaseConnection->table()
 2 SYSTEMPATH\Model.php(763): CodeIgniter\Model->builder()
 3 VENDORPATH\myth\auth\src\Authentication\LocalAuthenticator.php(140): CodeIgniter\Model->__call()
 4 VENDORPATH\myth\auth\src\Authentication\LocalAuthenticator.php(19): Myth\Auth\Authentication\LocalAuthenticator->validate()
 5 VENDORPATH\myth\auth\src\Controllers\AuthController.php(87): Myth\Auth\Authentication\LocalAuthenticator->attempt()
 6 SYSTEMPATH\CodeIgniter.php(898): Myth\Auth\Controllers\AuthController->attemptLogin()
 7 SYSTEMPATH\CodeIgniter.php(468): CodeIgniter\CodeIgniter->runController()
 8 SYSTEMPATH\CodeIgniter.php(351): CodeIgniter\CodeIgniter->handleRequest()
 9 FCPATH\index.php(55): CodeIgniter\CodeIgniter->run()
10 SYSTEMPATH\Commands\Server\rewrite.php(43): require_once('FCPATH\\index.php')
CRITICAL - 2022-09-30 15:57:46 --> You must set the database table to be used with your query.
in SYSTEMPATH\Database\BaseConnection.php on line 857.
 1 SYSTEMPATH\Model.php(586): CodeIgniter\Database\BaseConnection->table()
 2 SYSTEMPATH\Model.php(763): CodeIgniter\Model->builder()
 3 VENDORPATH\myth\auth\src\Authentication\LocalAuthenticator.php(140): CodeIgniter\Model->__call()
 4 VENDORPATH\myth\auth\src\Authentication\LocalAuthenticator.php(19): Myth\Auth\Authentication\LocalAuthenticator->validate()
 5 VENDORPATH\myth\auth\src\Controllers\AuthController.php(87): Myth\Auth\Authentication\LocalAuthenticator->attempt()
 6 SYSTEMPATH\CodeIgniter.php(898): Myth\Auth\Controllers\AuthController->attemptLogin()
 7 SYSTEMPATH\CodeIgniter.php(468): CodeIgniter\CodeIgniter->runController()
 8 SYSTEMPATH\CodeIgniter.php(351): CodeIgniter\CodeIgniter->handleRequest()
 9 FCPATH\index.php(55): CodeIgniter\CodeIgniter->run()
10 SYSTEMPATH\Commands\Server\rewrite.php(43): require_once('FCPATH\\index.php')
ERROR - 2022-09-30 16:02:09 --> [ERROR] 60 : SSL certificate problem: unable to get local issuer certificate VENDORPATH\myth\auth\src\Exceptions\AuthException.php:56
CRITICAL - 2022-09-30 16:02:09 --> 60 : SSL certificate problem: unable to get local issuer certificate
in VENDORPATH\myth\auth\src\Exceptions\AuthException.php on line 56.
 1 VENDORPATH\myth\auth\src\Authentication\Passwords\PwnedValidator.php(46): Myth\Auth\Exceptions\AuthException::forHIBPCurlFail()
 2 VENDORPATH\myth\auth\src\Authentication\Passwords\PasswordValidator.php(46): Myth\Auth\Authentication\Passwords\PwnedValidator->check()
 3 VENDORPATH\myth\auth\src\Authentication\Passwords\ValidationRules.php(42): Myth\Auth\Authentication\Passwords\PasswordValidator->check()
 4 SYSTEMPATH\Validation\Validation.php(305): Myth\Auth\Authentication\Passwords\ValidationRules->strong_password()
 5 SYSTEMPATH\Validation\Validation.php(173): CodeIgniter\Validation\Validation->processRules()
 6 SYSTEMPATH\Controller.php(140): CodeIgniter\Validation\Validation->run()
 7 VENDORPATH\myth\auth\src\Controllers\AuthController.php(164): CodeIgniter\Controller->validate()
 8 SYSTEMPATH\CodeIgniter.php(898): Myth\Auth\Controllers\AuthController->attemptRegister()
 9 SYSTEMPATH\CodeIgniter.php(468): CodeIgniter\CodeIgniter->runController()
10 SYSTEMPATH\CodeIgniter.php(351): CodeIgniter\CodeIgniter->handleRequest()
11 FCPATH\index.php(55): CodeIgniter\CodeIgniter->run()
12 SYSTEMPATH\Commands\Server\rewrite.php(43): require_once('FCPATH\\index.php')
ERROR - 2022-09-30 16:07:11 --> [ERROR] 60 : SSL certificate problem: unable to get local issuer certificate VENDORPATH\myth\auth\src\Exceptions\AuthException.php:56
CRITICAL - 2022-09-30 16:07:11 --> 60 : SSL certificate problem: unable to get local issuer certificate
in VENDORPATH\myth\auth\src\Exceptions\AuthException.php on line 56.
 1 VENDORPATH\myth\auth\src\Authentication\Passwords\PwnedValidator.php(46): Myth\Auth\Exceptions\AuthException::forHIBPCurlFail()
 2 VENDORPATH\myth\auth\src\Authentication\Passwords\PasswordValidator.php(46): Myth\Auth\Authentication\Passwords\PwnedValidator->check()
 3 VENDORPATH\myth\auth\src\Authentication\Passwords\ValidationRules.php(42): Myth\Auth\Authentication\Passwords\PasswordValidator->check()
 4 SYSTEMPATH\Validation\Validation.php(305): Myth\Auth\Authentication\Passwords\ValidationRules->strong_password()
 5 SYSTEMPATH\Validation\Validation.php(173): CodeIgniter\Validation\Validation->processRules()
 6 SYSTEMPATH\Controller.php(140): CodeIgniter\Validation\Validation->run()
 7 VENDORPATH\myth\auth\src\Controllers\AuthController.php(164): CodeIgniter\Controller->validate()
 8 SYSTEMPATH\CodeIgniter.php(898): Myth\Auth\Controllers\AuthController->attemptRegister()
 9 SYSTEMPATH\CodeIgniter.php(468): CodeIgniter\CodeIgniter->runController()
10 SYSTEMPATH\CodeIgniter.php(351): CodeIgniter\CodeIgniter->handleRequest()
11 FCPATH\index.php(55): CodeIgniter\CodeIgniter->run()
12 SYSTEMPATH\Commands\Server\rewrite.php(43): require_once('FCPATH\\index.php')
ERROR - 2022-09-30 16:10:18 --> [ERROR] 60 : SSL certificate problem: unable to get local issuer certificate VENDORPATH\myth\auth\src\Exceptions\AuthException.php:56
CRITICAL - 2022-09-30 16:10:18 --> 60 : SSL certificate problem: unable to get local issuer certificate
in VENDORPATH\myth\auth\src\Exceptions\AuthException.php on line 56.
 1 VENDORPATH\myth\auth\src\Authentication\Passwords\PwnedValidator.php(46): Myth\Auth\Exceptions\AuthException::forHIBPCurlFail()
 2 VENDORPATH\myth\auth\src\Authentication\Passwords\PasswordValidator.php(46): Myth\Auth\Authentication\Passwords\PwnedValidator->check()
 3 VENDORPATH\myth\auth\src\Authentication\Passwords\ValidationRules.php(42): Myth\Auth\Authentication\Passwords\PasswordValidator->check()
 4 SYSTEMPATH\Validation\Validation.php(305): Myth\Auth\Authentication\Passwords\ValidationRules->strong_password()
 5 SYSTEMPATH\Validation\Validation.php(173): CodeIgniter\Validation\Validation->processRules()
 6 SYSTEMPATH\Controller.php(140): CodeIgniter\Validation\Validation->run()
 7 VENDORPATH\myth\auth\src\Controllers\AuthController.php(164): CodeIgniter\Controller->validate()
 8 SYSTEMPATH\CodeIgniter.php(898): Myth\Auth\Controllers\AuthController->attemptRegister()
 9 SYSTEMPATH\CodeIgniter.php(468): CodeIgniter\CodeIgniter->runController()
10 SYSTEMPATH\CodeIgniter.php(351): CodeIgniter\CodeIgniter->handleRequest()
11 FCPATH\index.php(55): CodeIgniter\CodeIgniter->run()
12 SYSTEMPATH\Commands\Server\rewrite.php(43): require_once('FCPATH\\index.php')
ERROR - 2022-09-30 16:14:20 --> [ERROR] 60 : SSL certificate problem: unable to get local issuer certificate VENDORPATH\myth\auth\src\Exceptions\AuthException.php:56
CRITICAL - 2022-09-30 16:14:20 --> 60 : SSL certificate problem: unable to get local issuer certificate
in VENDORPATH\myth\auth\src\Exceptions\AuthException.php on line 56.
 1 VENDORPATH\myth\auth\src\Authentication\Passwords\PwnedValidator.php(46): Myth\Auth\Exceptions\AuthException::forHIBPCurlFail()
 2 VENDORPATH\myth\auth\src\Authentication\Passwords\PasswordValidator.php(46): Myth\Auth\Authentication\Passwords\PwnedValidator->check()
 3 VENDORPATH\myth\auth\src\Authentication\Passwords\ValidationRules.php(42): Myth\Auth\Authentication\Passwords\PasswordValidator->check()
 4 SYSTEMPATH\Validation\Validation.php(305): Myth\Auth\Authentication\Passwords\ValidationRules->strong_password()
 5 SYSTEMPATH\Validation\Validation.php(173): CodeIgniter\Validation\Validation->processRules()
 6 SYSTEMPATH\Controller.php(140): CodeIgniter\Validation\Validation->run()
 7 VENDORPATH\myth\auth\src\Controllers\AuthController.php(164): CodeIgniter\Controller->validate()
 8 SYSTEMPATH\CodeIgniter.php(898): Myth\Auth\Controllers\AuthController->attemptRegister()
 9 SYSTEMPATH\CodeIgniter.php(468): CodeIgniter\CodeIgniter->runController()
10 SYSTEMPATH\CodeIgniter.php(351): CodeIgniter\CodeIgniter->handleRequest()
11 FCPATH\index.php(55): CodeIgniter\CodeIgniter->run()
12 SYSTEMPATH\Commands\Server\rewrite.php(43): require_once('FCPATH\\index.php')
CRITICAL - 2022-09-30 16:14:50 --> You must set the database table to be used with your query.
in SYSTEMPATH\Database\BaseConnection.php on line 857.
 1 SYSTEMPATH\Model.php(586): CodeIgniter\Database\BaseConnection->table()
 2 SYSTEMPATH\Model.php(763): CodeIgniter\Model->builder()
 3 VENDORPATH\myth\auth\src\Authentication\LocalAuthenticator.php(140): CodeIgniter\Model->__call()
 4 VENDORPATH\myth\auth\src\Authentication\LocalAuthenticator.php(19): Myth\Auth\Authentication\LocalAuthenticator->validate()
 5 VENDORPATH\myth\auth\src\Controllers\AuthController.php(87): Myth\Auth\Authentication\LocalAuthenticator->attempt()
 6 SYSTEMPATH\CodeIgniter.php(898): Myth\Auth\Controllers\AuthController->attemptLogin()
 7 SYSTEMPATH\CodeIgniter.php(468): CodeIgniter\CodeIgniter->runController()
 8 SYSTEMPATH\CodeIgniter.php(351): CodeIgniter\CodeIgniter->handleRequest()
 9 FCPATH\index.php(55): CodeIgniter\CodeIgniter->run()
10 SYSTEMPATH\Commands\Server\rewrite.php(43): require_once('FCPATH\\index.php')
CRITICAL - 2022-09-30 16:17:36 --> You must set the database table to be used with your query.
in SYSTEMPATH\Database\BaseConnection.php on line 857.
 1 SYSTEMPATH\Model.php(586): CodeIgniter\Database\BaseConnection->table()
 2 SYSTEMPATH\Model.php(763): CodeIgniter\Model->builder()
 3 VENDORPATH\myth\auth\src\Authentication\LocalAuthenticator.php(140): CodeIgniter\Model->__call()
 4 VENDORPATH\myth\auth\src\Authentication\LocalAuthenticator.php(19): Myth\Auth\Authentication\LocalAuthenticator->validate()
 5 VENDORPATH\myth\auth\src\Controllers\AuthController.php(87): Myth\Auth\Authentication\LocalAuthenticator->attempt()
 6 SYSTEMPATH\CodeIgniter.php(898): Myth\Auth\Controllers\AuthController->attemptLogin()
 7 SYSTEMPATH\CodeIgniter.php(468): CodeIgniter\CodeIgniter->runController()
 8 SYSTEMPATH\CodeIgniter.php(351): CodeIgniter\CodeIgniter->handleRequest()
 9 FCPATH\index.php(55): CodeIgniter\CodeIgniter->run()
10 SYSTEMPATH\Commands\Server\rewrite.php(43): require_once('FCPATH\\index.php')
CRITICAL - 2022-09-30 16:23:03 --> Undefined array key 1
in APPPATH\Views\home.php on line 95.
 1 APPPATH\Views\home.php(95): CodeIgniter\Debug\Exceptions->errorHandler()
 2 SYSTEMPATH\View\View.php(213): include('APPPATH\\Views\\home.php')
 3 SYSTEMPATH\View\View.php(216): CodeIgniter\View\View->CodeIgniter\View\{closure}()
 4 SYSTEMPATH\Common.php(1135): CodeIgniter\View\View->render()
 5 APPPATH\Controllers\Pages.php(11): view()
 6 SYSTEMPATH\CodeIgniter.php(898): App\Controllers\Pages->index()
 7 SYSTEMPATH\CodeIgniter.php(468): CodeIgniter\CodeIgniter->runController()
 8 SYSTEMPATH\CodeIgniter.php(351): CodeIgniter\CodeIgniter->handleRequest()
 9 FCPATH\index.php(55): CodeIgniter\CodeIgniter->run()
10 SYSTEMPATH\Commands\Server\rewrite.php(43): require_once('FCPATH\\index.php')
CRITICAL - 2022-09-30 16:23:28 --> Undefined array key 1
in APPPATH\Views\home.php on line 95.
 1 APPPATH\Views\home.php(95): CodeIgniter\Debug\Exceptions->errorHandler()
 2 SYSTEMPATH\View\View.php(213): include('APPPATH\\Views\\home.php')
 3 SYSTEMPATH\View\View.php(216): CodeIgniter\View\View->CodeIgniter\View\{closure}()
 4 SYSTEMPATH\Common.php(1135): CodeIgniter\View\View->render()
 5 APPPATH\Controllers\Pages.php(11): view()
 6 SYSTEMPATH\CodeIgniter.php(898): App\Controllers\Pages->index()
 7 SYSTEMPATH\CodeIgniter.php(468): CodeIgniter\CodeIgniter->runController()
 8 SYSTEMPATH\CodeIgniter.php(351): CodeIgniter\CodeIgniter->handleRequest()
 9 FCPATH\index.php(55): CodeIgniter\CodeIgniter->run()
10 SYSTEMPATH\Commands\Server\rewrite.php(43): require_once('FCPATH\\index.php')
CRITICAL - 2022-09-30 16:23:51 --> Undefined array key 1
in APPPATH\Views\home.php on line 95.
 1 APPPATH\Views\home.php(95): CodeIgniter\Debug\Exceptions->errorHandler()
 2 SYSTEMPATH\View\View.php(213): include('APPPATH\\Views\\home.php')
 3 SYSTEMPATH\View\View.php(216): CodeIgniter\View\View->CodeIgniter\View\{closure}()
 4 SYSTEMPATH\Common.php(1135): CodeIgniter\View\View->render()
 5 APPPATH\Controllers\Pages.php(11): view()
 6 SYSTEMPATH\CodeIgniter.php(898): App\Controllers\Pages->index()
 7 SYSTEMPATH\CodeIgniter.php(468): CodeIgniter\CodeIgniter->runController()
 8 SYSTEMPATH\CodeIgniter.php(351): CodeIgniter\CodeIgniter->handleRequest()
 9 FCPATH\index.php(55): CodeIgniter\CodeIgniter->run()
10 SYSTEMPATH\Commands\Server\rewrite.php(43): require_once('FCPATH\\index.php')
CRITICAL - 2022-09-30 16:24:24 --> Undefined array key 1
in APPPATH\Views\bca.php on line 117.
 1 APPPATH\Views\bca.php(117): CodeIgniter\Debug\Exceptions->errorHandler()
 2 SYSTEMPATH\View\View.php(213): include('APPPATH\\Views\\bca.php')
 3 SYSTEMPATH\View\View.php(216): CodeIgniter\View\View->CodeIgniter\View\{closure}()
 4 SYSTEMPATH\Common.php(1135): CodeIgniter\View\View->render()
 5 APPPATH\Controllers\Pages_kurs.php(9): view()
 6 SYSTEMPATH\CodeIgniter.php(898): App\Controllers\Pages_kurs->bca()
 7 SYSTEMPATH\CodeIgniter.php(468): CodeIgniter\CodeIgniter->runController()
 8 SYSTEMPATH\CodeIgniter.php(351): CodeIgniter\CodeIgniter->handleRequest()
 9 FCPATH\index.php(55): CodeIgniter\CodeIgniter->run()
10 SYSTEMPATH\Commands\Server\rewrite.php(43): require_once('FCPATH\\index.php')
CRITICAL - 2022-09-30 16:24:39 --> You must set the database table to be used with your query.
in SYSTEMPATH\Database\BaseConnection.php on line 857.
 1 SYSTEMPATH\Model.php(586): CodeIgniter\Database\BaseConnection->table()
 2 SYSTEMPATH\Model.php(763): CodeIgniter\Model->builder()
 3 VENDORPATH\myth\auth\src\Authentication\LocalAuthenticator.php(140): CodeIgniter\Model->__call()
 4 VENDORPATH\myth\auth\src\Authentication\LocalAuthenticator.php(19): Myth\Auth\Authentication\LocalAuthenticator->validate()
 5 VENDORPATH\myth\auth\src\Controllers\AuthController.php(87): Myth\Auth\Authentication\LocalAuthenticator->attempt()
 6 SYSTEMPATH\CodeIgniter.php(898): Myth\Auth\Controllers\AuthController->attemptLogin()
 7 SYSTEMPATH\CodeIgniter.php(468): CodeIgniter\CodeIgniter->runController()
 8 SYSTEMPATH\CodeIgniter.php(351): CodeIgniter\CodeIgniter->handleRequest()
 9 FCPATH\index.php(55): CodeIgniter\CodeIgniter->run()
10 SYSTEMPATH\Commands\Server\rewrite.php(43): require_once('FCPATH\\index.php')
CRITICAL - 2022-09-30 16:25:54 --> Undefined array key 1
in APPPATH\Views\home.php on line 95.
 1 APPPATH\Views\home.php(95): CodeIgniter\Debug\Exceptions->errorHandler()
 2 SYSTEMPATH\View\View.php(213): include('APPPATH\\Views\\home.php')
 3 SYSTEMPATH\View\View.php(216): CodeIgniter\View\View->CodeIgniter\View\{closure}()
 4 SYSTEMPATH\Common.php(1135): CodeIgniter\View\View->render()
 5 APPPATH\Controllers\Pages.php(11): view()
 6 SYSTEMPATH\CodeIgniter.php(898): App\Controllers\Pages->index()
 7 SYSTEMPATH\CodeIgniter.php(468): CodeIgniter\CodeIgniter->runController()
 8 SYSTEMPATH\CodeIgniter.php(351): CodeIgniter\CodeIgniter->handleRequest()
 9 FCPATH\index.php(55): CodeIgniter\CodeIgniter->run()
10 SYSTEMPATH\Commands\Server\rewrite.php(43): require_once('FCPATH\\index.php')
CRITICAL - 2022-09-30 16:25:58 --> Undefined array key 1
in APPPATH\Views\home.php on line 95.
 1 APPPATH\Views\home.php(95): CodeIgniter\Debug\Exceptions->errorHandler()
 2 SYSTEMPATH\View\View.php(213): include('APPPATH\\Views\\home.php')
 3 SYSTEMPATH\View\View.php(216): CodeIgniter\View\View->CodeIgniter\View\{closure}()
 4 SYSTEMPATH\Common.php(1135): CodeIgniter\View\View->render()
 5 APPPATH\Controllers\Pages.php(11): view()
 6 SYSTEMPATH\CodeIgniter.php(898): App\Controllers\Pages->index()
 7 SYSTEMPATH\CodeIgniter.php(468): CodeIgniter\CodeIgniter->runController()
 8 SYSTEMPATH\CodeIgniter.php(351): CodeIgniter\CodeIgniter->handleRequest()
 9 FCPATH\index.php(55): CodeIgniter\CodeIgniter->run()
10 SYSTEMPATH\Commands\Server\rewrite.php(43): require_once('FCPATH\\index.php')
CRITICAL - 2022-09-30 16:26:03 --> Undefined array key 1
in APPPATH\Views\home.php on line 95.
 1 APPPATH\Views\home.php(95): CodeIgniter\Debug\Exceptions->errorHandler()
 2 SYSTEMPATH\View\View.php(213): include('APPPATH\\Views\\home.php')
 3 SYSTEMPATH\View\View.php(216): CodeIgniter\View\View->CodeIgniter\View\{closure}()
 4 SYSTEMPATH\Common.php(1135): CodeIgniter\View\View->render()
 5 APPPATH\Controllers\Pages.php(11): view()
 6 SYSTEMPATH\CodeIgniter.php(898): App\Controllers\Pages->index()
 7 SYSTEMPATH\CodeIgniter.php(468): CodeIgniter\CodeIgniter->runController()
 8 SYSTEMPATH\CodeIgniter.php(351): CodeIgniter\CodeIgniter->handleRequest()
 9 FCPATH\index.php(55): CodeIgniter\CodeIgniter->run()
10 SYSTEMPATH\Commands\Server\rewrite.php(43): require_once('FCPATH\\index.php')
ERROR - 2022-09-30 22:21:28 --> [ERROR] 6 : Could not resolve host: api.pwnedpasswords.com VENDORPATH\myth\auth\src\Exceptions\AuthException.php:56
CRITICAL - 2022-09-30 22:21:28 --> 6 : Could not resolve host: api.pwnedpasswords.com
in VENDORPATH\myth\auth\src\Exceptions\AuthException.php on line 56.
 1 VENDORPATH\myth\auth\src\Authentication\Passwords\PwnedValidator.php(46): Myth\Auth\Exceptions\AuthException::forHIBPCurlFail()
 2 VENDORPATH\myth\auth\src\Authentication\Passwords\PasswordValidator.php(46): Myth\Auth\Authentication\Passwords\PwnedValidator->check()
 3 VENDORPATH\myth\auth\src\Authentication\Passwords\ValidationRules.php(42): Myth\Auth\Authentication\Passwords\PasswordValidator->check()
 4 SYSTEMPATH\Validation\Validation.php(305): Myth\Auth\Authentication\Passwords\ValidationRules->strong_password()
 5 SYSTEMPATH\Validation\Validation.php(173): CodeIgniter\Validation\Validation->processRules()
 6 SYSTEMPATH\Controller.php(140): CodeIgniter\Validation\Validation->run()
 7 VENDORPATH\myth\auth\src\Controllers\AuthController.php(164): CodeIgniter\Controller->validate()
 8 SYSTEMPATH\CodeIgniter.php(898): Myth\Auth\Controllers\AuthController->attemptRegister()
 9 SYSTEMPATH\CodeIgniter.php(468): CodeIgniter\CodeIgniter->runController()
10 SYSTEMPATH\CodeIgniter.php(351): CodeIgniter\CodeIgniter->handleRequest()
11 FCPATH\index.php(55): CodeIgniter\CodeIgniter->run()
12 SYSTEMPATH\Commands\Server\rewrite.php(43): require_once('FCPATH\\index.php')
CRITICAL - 2022-09-30 22:26:03 --> Allowed fields must be specified for model: App\Models\UserModel
in SYSTEMPATH\BaseModel.php on line 1138.
 1 SYSTEMPATH\BaseModel.php(1138): CodeIgniter\Database\Exceptions\DataException::forInvalidAllowedFields()
 2 SYSTEMPATH\BaseModel.php(713): CodeIgniter\BaseModel->doProtectFields()
 3 SYSTEMPATH\Model.php(666): CodeIgniter\BaseModel->insert()
 4 SYSTEMPATH\BaseModel.php(658): CodeIgniter\Model->insert()
 5 VENDORPATH\myth\auth\src\Controllers\AuthController.php(179): CodeIgniter\BaseModel->save()
 6 SYSTEMPATH\CodeIgniter.php(898): Myth\Auth\Controllers\AuthController->attemptRegister()
 7 SYSTEMPATH\CodeIgniter.php(468): CodeIgniter\CodeIgniter->runController()
 8 SYSTEMPATH\CodeIgniter.php(351): CodeIgniter\CodeIgniter->handleRequest()
 9 FCPATH\index.php(55): CodeIgniter\CodeIgniter->run()
10 SYSTEMPATH\Commands\Server\rewrite.php(43): require_once('FCPATH\\index.php')
CRITICAL - 2022-09-30 22:28:42 --> Class name must be a valid object or a string
in VENDORPATH\myth\auth\src\Config\Services.php on line 81.
 1 SYSTEMPATH\Config\BaseService.php(251): Myth\Auth\Config\Services::activator()
 2 SYSTEMPATH\Config\BaseService.php(192): CodeIgniter\Config\BaseService::__callStatic()
 3 VENDORPATH\myth\auth\src\Config\Services.php(74): CodeIgniter\Config\BaseService::getSharedInstance()
 4 SYSTEMPATH\Config\BaseService.php(251): Myth\Auth\Config\Services::activator()
 5 SYSTEMPATH\Common.php(960): CodeIgniter\Config\BaseService::__callStatic()
 6 VENDORPATH\myth\auth\src\Controllers\AuthController.php(184): service()
 7 SYSTEMPATH\CodeIgniter.php(898): Myth\Auth\Controllers\AuthController->attemptRegister()
 8 SYSTEMPATH\CodeIgniter.php(468): CodeIgniter\CodeIgniter->runController()
 9 SYSTEMPATH\CodeIgniter.php(351): CodeIgniter\CodeIgniter->handleRequest()
10 FCPATH\index.php(55): CodeIgniter\CodeIgniter->run()
11 SYSTEMPATH\Commands\Server\rewrite.php(43): require_once('FCPATH\\index.php')
CRITICAL - 2022-09-30 23:02:07 --> Class name must be a valid object or a string
in VENDORPATH\myth\auth\src\Config\Services.php on line 81.
 1 SYSTEMPATH\Config\BaseService.php(251): Myth\Auth\Config\Services::activator()
 2 SYSTEMPATH\Config\BaseService.php(192): CodeIgniter\Config\BaseService::__callStatic()
 3 VENDORPATH\myth\auth\src\Config\Services.php(74): CodeIgniter\Config\BaseService::getSharedInstance()
 4 SYSTEMPATH\Config\BaseService.php(251): Myth\Auth\Config\Services::activator()
 5 SYSTEMPATH\Common.php(960): CodeIgniter\Config\BaseService::__callStatic()
 6 VENDORPATH\myth\auth\src\Controllers\AuthController.php(399): service()
 7 SYSTEMPATH\CodeIgniter.php(898): Myth\Auth\Controllers\AuthController->resendActivateAccount()
 8 SYSTEMPATH\CodeIgniter.php(468): CodeIgniter\CodeIgniter->runController()
 9 SYSTEMPATH\CodeIgniter.php(351): CodeIgniter\CodeIgniter->handleRequest()
10 FCPATH\index.php(55): CodeIgniter\CodeIgniter->run()
11 SYSTEMPATH\Commands\Server\rewrite.php(43): require_once('FCPATH\\index.php')
CRITICAL - 2022-09-30 23:03:14 --> Class name must be a valid object or a string
in VENDORPATH\myth\auth\src\Config\Services.php on line 81.
 1 SYSTEMPATH\Config\BaseService.php(251): Myth\Auth\Config\Services::activator()
 2 SYSTEMPATH\Config\BaseService.php(192): CodeIgniter\Config\BaseService::__callStatic()
 3 VENDORPATH\myth\auth\src\Config\Services.php(74): CodeIgniter\Config\BaseService::getSharedInstance()
 4 SYSTEMPATH\Config\BaseService.php(251): Myth\Auth\Config\Services::activator()
 5 SYSTEMPATH\Common.php(960): CodeIgniter\Config\BaseService::__callStatic()
 6 VENDORPATH\myth\auth\src\Controllers\AuthController.php(184): service()
 7 SYSTEMPATH\CodeIgniter.php(898): Myth\Auth\Controllers\AuthController->attemptRegister()
 8 SYSTEMPATH\CodeIgniter.php(468): CodeIgniter\CodeIgniter->runController()
 9 SYSTEMPATH\CodeIgniter.php(351): CodeIgniter\CodeIgniter->handleRequest()
10 FCPATH\index.php(55): CodeIgniter\CodeIgniter->run()
11 SYSTEMPATH\Commands\Server\rewrite.php(43): require_once('FCPATH\\index.php')
CRITICAL - 2022-09-30 23:07:16 --> Class name must be a valid object or a string
in VENDORPATH\myth\auth\src\Config\Services.php on line 81.
 1 SYSTEMPATH\Config\BaseService.php(251): Myth\Auth\Config\Services::activator()
 2 SYSTEMPATH\Config\BaseService.php(192): CodeIgniter\Config\BaseService::__callStatic()
 3 VENDORPATH\myth\auth\src\Config\Services.php(74): CodeIgniter\Config\BaseService::getSharedInstance()
 4 SYSTEMPATH\Config\BaseService.php(251): Myth\Auth\Config\Services::activator()
 5 SYSTEMPATH\Common.php(960): CodeIgniter\Config\BaseService::__callStatic()
 6 VENDORPATH\myth\auth\src\Controllers\AuthController.php(399): service()
 7 SYSTEMPATH\CodeIgniter.php(898): Myth\Auth\Controllers\AuthController->resendActivateAccount()
 8 SYSTEMPATH\CodeIgniter.php(468): CodeIgniter\CodeIgniter->runController()
 9 SYSTEMPATH\CodeIgniter.php(351): CodeIgniter\CodeIgniter->handleRequest()
10 FCPATH\index.php(55): CodeIgniter\CodeIgniter->run()
11 SYSTEMPATH\Commands\Server\rewrite.php(43): require_once('FCPATH\\index.php')
CRITICAL - 2022-09-30 23:13:48 --> Class name must be a valid object or a string
in VENDORPATH\myth\auth\src\Config\Services.php on line 81.
 1 SYSTEMPATH\Config\BaseService.php(251): Myth\Auth\Config\Services::activator()
 2 SYSTEMPATH\Config\BaseService.php(192): CodeIgniter\Config\BaseService::__callStatic()
 3 VENDORPATH\myth\auth\src\Config\Services.php(74): CodeIgniter\Config\BaseService::getSharedInstance()
 4 SYSTEMPATH\Config\BaseService.php(251): Myth\Auth\Config\Services::activator()
 5 SYSTEMPATH\Common.php(960): CodeIgniter\Config\BaseService::__callStatic()
 6 VENDORPATH\myth\auth\src\Controllers\AuthController.php(184): service()
 7 SYSTEMPATH\CodeIgniter.php(898): Myth\Auth\Controllers\AuthController->attemptRegister()
 8 SYSTEMPATH\CodeIgniter.php(468): CodeIgniter\CodeIgniter->runController()
 9 SYSTEMPATH\CodeIgniter.php(351): CodeIgniter\CodeIgniter->handleRequest()
10 FCPATH\index.php(55): CodeIgniter\CodeIgniter->run()
11 SYSTEMPATH\Commands\Server\rewrite.php(43): require_once('FCPATH\\index.php')
CRITICAL - 2022-09-30 23:16:45 --> Class name must be a valid object or a string
in VENDORPATH\myth\auth\src\Config\Services.php on line 81.
 1 SYSTEMPATH\Config\BaseService.php(251): Myth\Auth\Config\Services::activator()
 2 SYSTEMPATH\Config\BaseService.php(192): CodeIgniter\Config\BaseService::__callStatic()
 3 VENDORPATH\myth\auth\src\Config\Services.php(74): CodeIgniter\Config\BaseService::getSharedInstance()
 4 SYSTEMPATH\Config\BaseService.php(251): Myth\Auth\Config\Services::activator()
 5 SYSTEMPATH\Common.php(960): CodeIgniter\Config\BaseService::__callStatic()
 6 VENDORPATH\myth\auth\src\Controllers\AuthController.php(184): service()
 7 SYSTEMPATH\CodeIgniter.php(898): Myth\Auth\Controllers\AuthController->attemptRegister()
 8 SYSTEMPATH\CodeIgniter.php(468): CodeIgniter\CodeIgniter->runController()
 9 SYSTEMPATH\CodeIgniter.php(351): CodeIgniter\CodeIgniter->handleRequest()
10 FCPATH\index.php(55): CodeIgniter\CodeIgniter->run()
11 SYSTEMPATH\Commands\Server\rewrite.php(43): require_once('FCPATH\\index.php')
