CRITICAL - 2022-06-22 02:21:26 --> The framework needs the following extension(s) installed and loaded: curl, intl, mbstring.
in SYSTEMPATH\CodeIgniter.php on line 231.
 1 SYSTEMPATH\CodeIgniter.php(231): CodeIgniter\Exceptions\FrameworkException::forMissingExtension('curl, intl, mbstring')
 2 SYSTEMPATH\CodeIgniter.php(189): CodeIgniter\CodeIgniter->resolvePlatformExtensions()
 3 ROOTPATH\spark(71): CodeIgniter\CodeIgniter->initialize()
CRITICAL - 2022-06-22 02:21:26 --> Uncaught Error: Call to undefined function CodeIgniter\CLI\mb_strpos() in C:\xampp\htdocs\kurs\system\CLI\CLI.php:776
Stack trace:
#0 C:\xampp\htdocs\kurs\system\CLI\CLI.php(161): CodeIgniter\CLI\CLI::parseCommandLine()
#1 C:\xampp\htdocs\kurs\system\CLI\CLI.php(1018): CodeIgniter\CLI\CLI::init()
#2 C:\xampp\htdocs\kurs\system\Autoloader\Autoloader.php(284): include_once('C:\\xampp\\htdocs...')
#3 C:\xampp\htdocs\kurs\system\Autoloader\Autoloader.php(261): CodeIgniter\Autoloader\Autoloader->includeFile('C:\\xampp\\htdocs...')
#4 C:\xampp\htdocs\kurs\system\Autoloader\Autoloader.php(239): CodeIgniter\Autoloader\Autoloader->loadInNamespace('CodeIgniter\\CLI...')
#5 C:\xampp\htdocs\kurs\app\Views\errors\cli\error_exception.php(6): CodeIgniter\Autoloader\Autoloader->loadClass('CodeIgniter\\CLI...')
#6 C:\xampp\htdocs\kurs\app\Views\errors\cli\production.php(5): include('C:\\xampp\\htdocs...')
#7 C:\xampp\htdocs\kurs\system\Debug\Exceptions.php(239): include('C:\\xampp\\htdocs...')
#8 C:\xampp\htdocs\kurs\system\Debug\Exceptions.php(242): CodeIgniter\Debug\Exceptions->CodeIgniter\Debug\{closure}()
#9 C:\xampp\htdocs\kurs\system\Debug\Exceptions.php(126): CodeIgniter\Debug\Exceptions->render(Object(CodeIgniter\Exceptions\FrameworkException), 500)
#10 [internal function]: CodeIgniter\Debug\Exceptions->exceptionHandler(Object(CodeIgniter\Exceptions\FrameworkException))
#11 {main}
  thrown
in SYSTEMPATH\CLI\CLI.php on line 776.
 1 [internal function]: CodeIgniter\Debug\Exceptions->shutdownHandler()
CRITICAL - 2022-06-22 02:26:21 --> The framework needs the following extension(s) installed and loaded: curl, intl, mbstring.
in SYSTEMPATH\CodeIgniter.php on line 231.
 1 SYSTEMPATH\CodeIgniter.php(231): CodeIgniter\Exceptions\FrameworkException::forMissingExtension()
 2 SYSTEMPATH\CodeIgniter.php(189): CodeIgniter\CodeIgniter->resolvePlatformExtensions()
 3 ROOTPATH\spark(71): CodeIgniter\CodeIgniter->initialize()
CRITICAL - 2022-06-22 02:26:21 --> Uncaught Error: Call to undefined function CodeIgniter\CLI\mb_strpos() in C:\xampp\htdocs\kurs\system\CLI\CLI.php:776
Stack trace:
#0 C:\xampp\htdocs\kurs\system\CLI\CLI.php(161): CodeIgniter\CLI\CLI::parseCommandLine()
#1 C:\xampp\htdocs\kurs\system\CLI\CLI.php(1018): CodeIgniter\CLI\CLI::init()
#2 C:\xampp\htdocs\kurs\system\Autoloader\Autoloader.php(284): include_once('...')
#3 C:\xampp\htdocs\kurs\system\Autoloader\Autoloader.php(261): CodeIgniter\Autoloader\Autoloader->includeFile()
#4 C:\xampp\htdocs\kurs\system\Autoloader\Autoloader.php(239): CodeIgniter\Autoloader\Autoloader->loadInNamespace()
#5 C:\xampp\htdocs\kurs\app\Views\errors\cli\error_exception.php(6): CodeIgniter\Autoloader\Autoloader->loadClass()
#6 C:\xampp\htdocs\kurs\app\Views\errors\cli\production.php(5): include('...')
#7 C:\xampp\htdocs\kurs\system\Debug\Exceptions.php(239): include('...')
#8 C:\xampp\htdocs\kurs\system\Debug\Exceptions.php(242): CodeIgniter\Debug\Exceptions->CodeIgniter\Debug\{closure}()
#9 C:\xampp\htdocs\kurs\system\Debug\Exceptions.php(126): CodeIgniter\Debug\Exceptions->render()
#10 [internal function]: CodeIgniter\Debug\Exceptions->exceptionHandler()
#11 {main}
  thrown
in SYSTEMPATH\CLI\CLI.php on line 776.
 1 [internal function]: CodeIgniter\Debug\Exceptions->shutdownHandler()
